[0612/114706.107:ERROR:process_memory_win.cc(73)] ReadMemory at 0x7ff6e6650000 of 64 bytes failed: Only part of a ReadProcessMemory or WriteProcessMemory request was completed. (0x12B)
[0612/114706.109:WARNING:pe_image_reader.cc(340)] could not read dos header from C:\Program Files (x86)\Google\Chrome\Application\chrome.exe
[0612/114706.109:ERROR:process_memory_win.cc(73)] ReadMemory at 0x7ff9adb00000 of 64 bytes failed: Only part of a ReadProcessMemory or WriteProcessMemory request was completed. (0x12B)
[0612/114706.109:WARNING:pe_image_reader.cc(340)] could not read dos header from C:\WINDOWS\SYSTEM32\ntdll.dll
[0612/114706.109:ERROR:process_memory_win.cc(73)] ReadMemory at 0x7ff9ad590000 of 64 bytes failed: Only part of a ReadProcessMemory or WriteProcessMemory request was completed. (0x12B)
[0612/114706.135:WARNING:pe_image_reader.cc(340)] could not read dos header from C:\WINDOWS\System32\KERNEL32.DLL
[0612/114706.135:ERROR:process_memory_win.cc(73)] ReadMemory at 0x7ff9ab880000 of 64 bytes failed: Only part of a ReadProcessMemory or WriteProcessMemory request was completed. (0x12B)
[0612/114706.135:WARNING:pe_image_reader.cc(340)] could not read dos header from C:\WINDOWS\System32\KERNELBASE.dll
[0612/114706.135:ERROR:process_memory_win.cc(73)] ReadMemory at 0x7ff97ed10000 of 64 bytes failed: Only part of a ReadProcessMemory or WriteProcessMemory request was completed. (0x12B)
[0612/114706.135:WARNING:pe_image_reader.cc(340)] could not read dos header from C:\Program Files (x86)\Google\Chrome\Application\83.0.4103.97\chrome_elf.dll
[0612/114706.135:ERROR:process_memory_win.cc(73)] ReadMemory at 0x7ff9a6b60000 of 64 bytes failed: Only part of a ReadProcessMemory or WriteProcessMemory request was completed. (0x12B)
[0612/114706.135:WARNING:pe_image_reader.cc(340)] could not read dos header from C:\WINDOWS\SYSTEM32\VERSION.dll
[0612/114706.135:ERROR:process_memory_win.cc(73)] ReadMemory at 0x7ff9aca60000 of 64 bytes failed: Only part of a ReadProcessMemory or WriteProcessMemory request was completed. (0x12B)
[0612/114706.135:WARNING:pe_image_reader.cc(340)] could not read dos header from C:\WINDOWS\System32\msvcrt.dll
[0612/114706.135:ERROR:process_memory_win.cc(73)] ReadMemory at 0x7ff9abb30000 of 64 bytes failed: Only part of a ReadProcessMemory or WriteProcessMemory request was completed. (0x12B)
[0612/114706.135:WARNING:pe_image_reader.cc(340)] could not read dos header from C:\WINDOWS\System32\bcryptPrimitives.dll
[0612/114706.135:ERROR:process_memory_win.cc(73)] ReadMemory at 0x7ff9ac1a0000 of 64 bytes failed: Only part of a ReadProcessMemory or WriteProcessMemory request was completed. (0x12B)
[0612/114706.135:WARNING:pe_image_reader.cc(340)] could not read dos header from C:\WINDOWS\System32\ADVAPI32.dll
[0612/114706.135:ERROR:process_memory_win.cc(73)] ReadMemory at 0x7ff9ac250000 of 64 bytes failed: Only part of a ReadProcessMemory or WriteProcessMemory request was completed. (0x12B)
[0612/114706.135:WARNING:pe_image_reader.cc(340)] could not read dos header from C:\WINDOWS\System32\sechost.dll
[0612/114706.135:ERROR:process_memory_win.cc(73)] ReadMemory at 0x7ff9abfd0000 of 64 bytes failed: Only part of a ReadProcessMemory or WriteProcessMemory request was completed. (0x12B)
[0612/114706.136:WARNING:pe_image_reader.cc(340)] could not read dos header from C:\WINDOWS\System32\RPCRT4.dll
[0612/114706.136:ERROR:process_memory_win.cc(73)] ReadMemory at 0x7ff971ff0000 of 64 bytes failed: Only part of a ReadProcessMemory or WriteProcessMemory request was completed. (0x12B)
[0612/114706.136:WARNING:pe_image_reader.cc(340)] could not read dos header from C:\Program Files (x86)\Google\Chrome\Application\83.0.4103.97\chrome.dll
[0612/114706.136:ERROR:process_memory_win.cc(73)] ReadMemory at 0x7ff9ad870000 of 64 bytes failed: Only part of a ReadProcessMemory or WriteProcessMemory request was completed. (0x12B)
[0612/114706.136:WARNING:pe_image_reader.cc(340)] could not read dos header from C:\WINDOWS\System32\WS2_32.dll
[0612/114706.136:ERROR:process_memory_win.cc(73)] ReadMemory at 0x7ff9ad7a0000 of 64 bytes failed: Only part of a ReadProcessMemory or WriteProcessMemory request was completed. (0x12B)
[0612/114706.136:WARNING:pe_image_reader.cc(340)] could not read dos header from C:\WINDOWS\System32\OLEAUT32.dll
[0612/114706.136:ERROR:process_memory_win.cc(73)] ReadMemory at 0x7ff9ab7e0000 of 64 bytes failed: Only part of a ReadProcessMemory or WriteProcessMemory request was completed. (0x12B)
[0612/114706.136:WARNING:pe_image_reader.cc(340)] could not read dos header from C:\WINDOWS\System32\msvcp_win.dll
[0612/114706.136:ERROR:process_memory_win.cc(73)] ReadMemory at 0x7ff9ab5d0000 of 64 bytes failed: Only part of a ReadProcessMemory or WriteProcessMemory request was completed. (0x12B)
[0612/114706.136:WARNING:pe_image_reader.cc(340)] could not read dos header from C:\WINDOWS\System32\ucrtbase.dll
[0612/114706.136:ERROR:process_memory_win.cc(73)] ReadMemory at 0x7ff9acb00000 of 64 bytes failed: Only part of a ReadProcessMemory or WriteProcessMemory request was completed. (0x12B)
[0612/114706.136:WARNING:pe_image_reader.cc(340)] could not read dos header from C:\WINDOWS\System32\combase.dll
[0612/114706.136:ERROR:process_memory_win.cc(73)] ReadMemory at 0x7ff9ab6d0000 of 64 bytes failed: Only part of a ReadProcessMemory or WriteProcessMemory request was completed. (0x12B)
[0612/114706.136:WARNING:pe_image_reader.cc(340)] could not read dos header from C:\WINDOWS\System32\WINTRUST.dll
[0612/114706.137:ERROR:process_memory_win.cc(73)] ReadMemory at 0x7ff9aaa50000 of 64 bytes failed: Only part of a ReadProcessMemory or WriteProcessMemory request was completed. (0x12B)
[0612/114706.137:WARNING:pe_image_reader.cc(340)] could not read dos header from C:\WINDOWS\System32\MSASN1.dll
[0612/114706.137:ERROR:process_memory_win.cc(73)] ReadMemory at 0x7ff9aaac0000 of 64 bytes failed: Only part of a ReadProcessMemory or WriteProcessMemory request was completed. (0x12B)
[0612/114706.137:WARNING:pe_image_reader.cc(340)] could not read dos header from C:\WINDOWS\System32\CRYPT32.dll
[0612/114706.137:ERROR:process_memory_win.cc(73)] ReadMemory at 0x7ff9a9ee0000 of 64 bytes failed: Only part of a ReadProcessMemory or WriteProcessMemory request was completed. (0x12B)
[0612/114706.137:WARNING:pe_image_reader.cc(340)] could not read dos header from C:\WINDOWS\SYSTEM32\IPHLPAPI.DLL
[0612/114706.137:ERROR:process_memory_win.cc(73)] ReadMemory at 0x7ff9a5d70000 of 64 bytes failed: Only part of a ReadProcessMemory or WriteProcessMemory request was completed. (0x12B)
[0612/114706.137:WARNING:pe_image_reader.cc(340)] could not read dos header from C:\WINDOWS\SYSTEM32\WINMM.dll
[0612/114706.137:ERROR:process_memory_win.cc(73)] ReadMemory at 0x7ff99e400000 of 64 bytes failed: Only part of a ReadProcessMemory or WriteProcessMemory request was completed. (0x12B)
[0612/114706.137:WARNING:pe_image_reader.cc(340)] could not read dos header from C:\WINDOWS\SYSTEM32\Secur32.dll
[0612/114706.137:ERROR:process_memory_win.cc(73)] ReadMemory at 0x7ff9aa8e0000 of 64 bytes failed: Only part of a ReadProcessMemory or WriteProcessMemory request was completed. (0x12B)
[0612/114706.138:WARNING:pe_image_reader.cc(340)] could not read dos header from C:\WINDOWS\SYSTEM32\USERENV.dll
[0612/114706.138:ERROR:process_memory_win.cc(73)] ReadMemory at 0x7ff9aaa20000 of 64 bytes failed: Only part of a ReadProcessMemory or WriteProcessMemory request was completed. (0x12B)
[0612/114706.138:WARNING:pe_image_reader.cc(340)] could not read dos header from C:\WINDOWS\System32\profapi.dll
[0612/114706.138:ERROR:process_memory_win.cc(73)] ReadMemory at 0x7ff991ad0000 of 64 bytes failed: Only part of a ReadProcessMemory or WriteProcessMemory request was completed. (0x12B)
[0612/114706.138:WARNING:pe_image_reader.cc(340)] could not read dos header from C:\WINDOWS\SYSTEM32\UIAutomationCore.DLL
[0612/114706.138:ERROR:process_memory_win.cc(73)] ReadMemory at 0x7ff9966c0000 of 64 bytes failed: Only part of a ReadProcessMemory or WriteProcessMemory request was completed. (0x12B)
[0612/114706.138:WARNING:pe_image_reader.cc(340)] could not read dos header from C:\WINDOWS\SYSTEM32\DWrite.dll
[0612/114706.138:ERROR:process_memory_win.cc(73)] ReadMemory at 0x7ff99d3c0000 of 64 bytes failed: Only part of a ReadProcessMemory or WriteProcessMemory request was completed. (0x12B)
[0612/114706.138:WARNING:pe_image_reader.cc(340)] could not read dos header from C:\WINDOWS\SYSTEM32\WINSPOOL.DRV
[0612/114706.138:ERROR:process_memory_win.cc(73)] ReadMemory at 0x7ff9aaa70000 of 64 bytes failed: Only part of a ReadProcessMemory or WriteProcessMemory request was completed. (0x12B)
[0612/114706.138:WARNING:pe_image_reader.cc(340)] could not read dos header from C:\WINDOWS\System32\kernel.appcore.dll
[0612/114706.138:ERROR:process_memory_win.cc(73)] ReadMemory at 0x7ff9ab5a0000 of 64 bytes failed: Only part of a ReadProcessMemory or WriteProcessMemory request was completed. (0x12B)
[0612/114706.138:WARNING:pe_image_reader.cc(340)] could not read dos header from C:\WINDOWS\System32\bcrypt.dll
[0612/114706.138:ERROR:process_memory_win.cc(73)] ReadMemory at 0x7ff9a5440000 of 64 bytes failed: Only part of a ReadProcessMemory or WriteProcessMemory request was completed. (0x12B)
[0612/114706.138:WARNING:pe_image_reader.cc(340)] could not read dos header from C:\WINDOWS\SYSTEM32\dbghelp.dll
[0612/114706.138:ERROR:process_memory_win.cc(73)] ReadMemory at 0x7ff9a3a50000 of 64 bytes failed: Only part of a ReadProcessMemory or WriteProcessMemory request was completed. (0x12B)
[0612/114706.138:WARNING:pe_image_reader.cc(340)] could not read dos header from C:\WINDOWS\SYSTEM32\WINHTTP.dll
[0612/114706.138:ERROR:process_memory_win.cc(73)] ReadMemory at 0x7ff9a4ea0000 of 64 bytes failed: Only part of a ReadProcessMemory or WriteProcessMemory request was completed. (0x12B)
[0612/114706.139:WARNING:pe_image_reader.cc(340)] could not read dos header from C:\WINDOWS\SYSTEM32\dhcpcsvc.DLL
[0612/114706.139:ERROR:process_memory_win.cc(73)] ReadMemory at 0x7ff9adab0000 of 64 bytes failed: Only part of a ReadProcessMemory or WriteProcessMemory request was completed. (0x12B)
[0612/114706.139:WARNING:pe_image_reader.cc(340)] could not read dos header from C:\WINDOWS\System32\NSI.dll
[0612/114706.139:ERROR:process_memory_win.cc(73)] ReadMemory at 0x7ff9a5d40000 of 64 bytes failed: Only part of a ReadProcessMemory or WriteProcessMemory request was completed. (0x12B)
[0612/114706.139:WARNING:pe_image_reader.cc(340)] could not read dos header from C:\WINDOWS\SYSTEM32\WINMMBASE.dll
[0612/114706.139:ERROR:process_memory_win.cc(73)] ReadMemory at 0x7ff9aadd0000 of 64 bytes failed: Only part of a ReadProcessMemory or WriteProcessMemory request was completed. (0x12B)
[0612/114706.139:WARNING:pe_image_reader.cc(340)] could not read dos header from C:\WINDOWS\System32\cfgmgr32.dll
[0612/114706.139:ERROR:process_memory_win.cc(73)] ReadMemory at 0x7ff9a70b0000 of 64 bytes failed: Only part of a ReadProcessMemory or WriteProcessMemory request was completed. (0x12B)
[0612/114706.139:WARNING:pe_image_reader.cc(340)] could not read dos header from C:\WINDOWS\SYSTEM32\PROPSYS.dll
[0612/114706.139:ERROR:process_memory_win.cc(73)] ReadMemory at 0x7ff9abea0000 of 64 bytes failed: Only part of a ReadProcessMemory or WriteProcessMemory request was completed. (0x12B)
[0612/114706.139:WARNING:pe_image_reader.cc(340)] could not read dos header from C:\WINDOWS\System32\shcore.dll
[0612/114706.139:ERROR:process_memory_win.cc(73)] ReadMemory at 0x7ff9aa8b0000 of 64 bytes failed: Only part of a ReadProcessMemory or WriteProcessMemory request was completed. (0x12B)
[0612/114706.139:WARNING:pe_image_reader.cc(340)] could not read dos header from C:\WINDOWS\SYSTEM32\SSPICLI.DLL
[0612/114706.139:ERROR:process_memory_win.cc(73)] ReadMemory at 0x7ff9ac2f0000 of 64 bytes failed: Only part of a ReadProcessMemory or WriteProcessMemory request was completed. (0x12B)
[0612/114706.139:WARNING:pe_image_reader.cc(340)] could not read dos header from C:\WINDOWS\System32\SHELL32.dll
[0612/114706.140:ERROR:process_memory_win.cc(73)] ReadMemory at 0x7ff9aae20000 of 64 bytes failed: Only part of a ReadProcessMemory or WriteProcessMemory request was completed. (0x12B)
[0612/114706.140:WARNING:pe_image_reader.cc(340)] could not read dos header from C:\WINDOWS\System32\windows.storage.dll
[0612/114706.140:ERROR:process_memory_win.cc(73)] ReadMemory at 0x7ff9aa9d0000 of 64 bytes failed: Only part of a ReadProcessMemory or WriteProcessMemory request was completed. (0x12B)
[0612/114706.140:WARNING:pe_image_reader.cc(340)] could not read dos header from C:\WINDOWS\System32\powrprof.dll
[0612/114706.140:ERROR:process_memory_win.cc(73)] ReadMemory at 0x7ff9aa9c0000 of 64 bytes failed: Only part of a ReadProcessMemory or WriteProcessMemory request was completed. (0x12B)
[0612/114706.140:WARNING:pe_image_reader.cc(340)] could not read dos header from C:\WINDOWS\System32\UMPDC.dll
[0612/114706.140:ERROR:process_memory_win.cc(73)] ReadMemory at 0x7ff9ad2c0000 of 64 bytes failed: Only part of a ReadProcessMemory or WriteProcessMemory request was completed. (0x12B)
[0612/114706.140:WARNING:pe_image_reader.cc(340)] could not read dos header from C:\WINDOWS\System32\shlwapi.dll
[0612/114706.140:ERROR:process_memory_win.cc(73)] ReadMemory at 0x7ff9ac170000 of 64 bytes failed: Only part of a ReadProcessMemory or WriteProcessMemory request was completed. (0x12B)
[0612/114706.140:WARNING:pe_image_reader.cc(340)] could not read dos header from C:\WINDOWS\System32\GDI32.dll
[0612/114706.140:ERROR:process_memory_win.cc(73)] ReadMemory at 0x7ff9aaa90000 of 64 bytes failed: Only part of a ReadProcessMemory or WriteProcessMemory request was completed. (0x12B)
[0612/114706.140:WARNING:pe_image_reader.cc(340)] could not read dos header from C:\WINDOWS\System32\win32u.dll
[0612/114706.140:ERROR:process_memory_win.cc(73)] ReadMemory at 0x7ff9aac30000 of 64 bytes failed: Only part of a ReadProcessMemory or WriteProcessMemory request was completed. (0x12B)
[0612/114706.140:WARNING:pe_image_reader.cc(340)] could not read dos header from C:\WINDOWS\System32\gdi32full.dll
[0612/114706.140:ERROR:process_memory_win.cc(73)] ReadMemory at 0x7ff9ad3f0000 of 64 bytes failed: Only part of a ReadProcessMemory or WriteProcessMemory request was completed. (0x12B)
[0612/114706.140:WARNING:pe_image_reader.cc(340)] could not read dos header from C:\WINDOWS\System32\USER32.dll
[0612/114706.140:ERROR:process_memory_win.cc(73)] ReadMemory at 0x7ff9aac10000 of 64 bytes failed: Only part of a ReadProcessMemory or WriteProcessMemory request was completed. (0x12B)
[0612/114706.140:WARNING:pe_image_reader.cc(340)] could not read dos header from C:\WINDOWS\System32\cryptsp.dll
[0612/114706.140:ERROR:process_memory_win.cc(73)] ReadMemory at 0x7ff9ad700000 of 64 bytes failed: Only part of a ReadProcessMemory or WriteProcessMemory request was completed. (0x12B)
[0612/114706.140:WARNING:pe_image_reader.cc(340)] could not read dos header from C:\WINDOWS\System32\IMM32.DLL
[0612/114706.140:ERROR:process_memory_win.cc(73)] ReadMemory at 0x7ff9aa400000 of 64 bytes failed: Only part of a ReadProcessMemory or WriteProcessMemory request was completed. (0x12B)
[0612/114706.140:WARNING:pe_image_reader.cc(340)] could not read dos header from C:\WINDOWS\SYSTEM32\CRYPTBASE.DLL
[0612/114706.150:ERROR:process_memory_win.cc(73)] ReadMemory at 0x7ff6e6650000 of 64 bytes failed: Only part of a ReadProcessMemory or WriteProcessMemory request was completed. (0x12B)
[0612/114706.150:WARNING:pe_image_reader.cc(340)] could not read dos header from C:\Program Files (x86)\Google\Chrome\Application\chrome.exe
[0612/114706.150:ERROR:process_memory_win.cc(73)] ReadMemory at 0x7ff9adb00000 of 64 bytes failed: Only part of a ReadProcessMemory or WriteProcessMemory request was completed. (0x12B)
[0612/114706.150:WARNING:pe_image_reader.cc(340)] could not read dos header from C:\WINDOWS\SYSTEM32\ntdll.dll
[0612/114706.150:ERROR:process_memory_win.cc(73)] ReadMemory at 0x7ff9ad590000 of 64 bytes failed: Only part of a ReadProcessMemory or WriteProcessMemory request was completed. (0x12B)
[0612/114706.150:WARNING:pe_image_reader.cc(340)] could not read dos header from C:\WINDOWS\System32\KERNEL32.DLL
[0612/114706.150:ERROR:process_memory_win.cc(73)] ReadMemory at 0x7ff9ab880000 of 64 bytes failed: Only part of a ReadProcessMemory or WriteProcessMemory request was completed. (0x12B)
[0612/114706.150:WARNING:pe_image_reader.cc(340)] could not read dos header from C:\WINDOWS\System32\KERNELBASE.dll
[0612/114706.150:ERROR:process_memory_win.cc(73)] ReadMemory at 0x7ff97ed10000 of 64 bytes failed: Only part of a ReadProcessMemory or WriteProcessMemory request was completed. (0x12B)
[0612/114706.150:WARNING:pe_image_reader.cc(340)] could not read dos header from C:\Program Files (x86)\Google\Chrome\Application\83.0.4103.97\chrome_elf.dll
[0612/114706.150:ERROR:process_memory_win.cc(73)] ReadMemory at 0x7ff9a6b60000 of 64 bytes failed: Only part of a ReadProcessMemory or WriteProcessMemory request was completed. (0x12B)
[0612/114706.150:WARNING:pe_image_reader.cc(340)] could not read dos header from C:\WINDOWS\SYSTEM32\VERSION.dll
[0612/114706.150:ERROR:process_memory_win.cc(73)] ReadMemory at 0x7ff9aca60000 of 64 bytes failed: Only part of a ReadProcessMemory or WriteProcessMemory request was completed. (0x12B)
[0612/114706.150:WARNING:pe_image_reader.cc(340)] could not read dos header from C:\WINDOWS\System32\msvcrt.dll
[0612/114706.150:ERROR:process_memory_win.cc(73)] ReadMemory at 0x7ff9abb30000 of 64 bytes failed: Only part of a ReadProcessMemory or WriteProcessMemory request was completed. (0x12B)
[0612/114706.151:WARNING:pe_image_reader.cc(340)] could not read dos header from C:\WINDOWS\System32\bcryptPrimitives.dll
[0612/114706.151:ERROR:process_memory_win.cc(73)] ReadMemory at 0x7ff9ac1a0000 of 64 bytes failed: Only part of a ReadProcessMemory or WriteProcessMemory request was completed. (0x12B)
[0612/114706.151:WARNING:pe_image_reader.cc(340)] could not read dos header from C:\WINDOWS\System32\ADVAPI32.dll
[0612/114706.151:ERROR:process_memory_win.cc(73)] ReadMemory at 0x7ff9ac250000 of 64 bytes failed: Only part of a ReadProcessMemory or WriteProcessMemory request was completed. (0x12B)
[0612/114706.151:WARNING:pe_image_reader.cc(340)] could not read dos header from C:\WINDOWS\System32\sechost.dll
[0612/114706.151:ERROR:process_memory_win.cc(73)] ReadMemory at 0x7ff9abfd0000 of 64 bytes failed: Only part of a ReadProcessMemory or WriteProcessMemory request was completed. (0x12B)
[0612/114706.151:WARNING:pe_image_reader.cc(340)] could not read dos header from C:\WINDOWS\System32\RPCRT4.dll
[0612/114706.151:ERROR:process_memory_win.cc(73)] ReadMemory at 0x7ff971ff0000 of 64 bytes failed: Only part of a ReadProcessMemory or WriteProcessMemory request was completed. (0x12B)
[0612/114706.151:WARNING:pe_image_reader.cc(340)] could not read dos header from C:\Program Files (x86)\Google\Chrome\Application\83.0.4103.97\chrome.dll
[0612/114706.151:ERROR:process_memory_win.cc(73)] ReadMemory at 0x7ff9ad870000 of 64 bytes failed: Only part of a ReadProcessMemory or WriteProcessMemory request was completed. (0x12B)
[0612/114706.151:WARNING:pe_image_reader.cc(340)] could not read dos header from C:\WINDOWS\System32\WS2_32.dll
[0612/114706.151:ERROR:process_memory_win.cc(73)] ReadMemory at 0x7ff9ad7a0000 of 64 bytes failed: Only part of a ReadProcessMemory or WriteProcessMemory request was completed. (0x12B)
[0612/114706.151:WARNING:pe_image_reader.cc(340)] could not read dos header from C:\WINDOWS\System32\OLEAUT32.dll
[0612/114706.151:ERROR:process_memory_win.cc(73)] ReadMemory at 0x7ff9ab7e0000 of 64 bytes failed: Only part of a ReadProcessMemory or WriteProcessMemory request was completed. (0x12B)
[0612/114706.151:WARNING:pe_image_reader.cc(340)] could not read dos header from C:\WINDOWS\System32\msvcp_win.dll
[0612/114706.151:ERROR:process_memory_win.cc(73)] ReadMemory at 0x7ff9ab5d0000 of 64 bytes failed: Only part of a ReadProcessMemory or WriteProcessMemory request was completed. (0x12B)
[0612/114706.151:WARNING:pe_image_reader.cc(340)] could not read dos header from C:\WINDOWS\System32\ucrtbase.dll
[0612/114706.151:ERROR:process_memory_win.cc(73)] ReadMemory at 0x7ff9acb00000 of 64 bytes failed: Only part of a ReadProcessMemory or WriteProcessMemory request was completed. (0x12B)
[0612/114706.151:WARNING:pe_image_reader.cc(340)] could not read dos header from C:\WINDOWS\System32\combase.dll
[0612/114706.151:ERROR:process_memory_win.cc(73)] ReadMemory at 0x7ff9ab6d0000 of 64 bytes failed: Only part of a ReadProcessMemory or WriteProcessMemory request was completed. (0x12B)
[0612/114706.151:WARNING:pe_image_reader.cc(340)] could not read dos header from C:\WINDOWS\System32\WINTRUST.dll
[0612/114706.152:ERROR:process_memory_win.cc(73)] ReadMemory at 0x7ff9aaa50000 of 64 bytes failed: Only part of a ReadProcessMemory or WriteProcessMemory request was completed. (0x12B)
[0612/114706.152:WARNING:pe_image_reader.cc(340)] could not read dos header from C:\WINDOWS\System32\MSASN1.dll
[0612/114706.152:ERROR:process_memory_win.cc(73)] ReadMemory at 0x7ff9aaac0000 of 64 bytes failed: Only part of a ReadProcessMemory or WriteProcessMemory request was completed. (0x12B)
[0612/114706.152:WARNING:pe_image_reader.cc(340)] could not read dos header from C:\WINDOWS\System32\CRYPT32.dll
[0612/114706.152:ERROR:process_memory_win.cc(73)] ReadMemory at 0x7ff9a9ee0000 of 64 bytes failed: Only part of a ReadProcessMemory or WriteProcessMemory request was completed. (0x12B)
[0612/114706.152:WARNING:pe_image_reader.cc(340)] could not read dos header from C:\WINDOWS\SYSTEM32\IPHLPAPI.DLL
[0612/114706.152:ERROR:process_memory_win.cc(73)] ReadMemory at 0x7ff9a5d70000 of 64 bytes failed: Only part of a ReadProcessMemory or WriteProcessMemory request was completed. (0x12B)
[0612/114706.152:WARNING:pe_image_reader.cc(340)] could not read dos header from C:\WINDOWS\SYSTEM32\WINMM.dll
[0612/114706.152:ERROR:process_memory_win.cc(73)] ReadMemory at 0x7ff99e400000 of 64 bytes failed: Only part of a ReadProcessMemory or WriteProcessMemory request was completed. (0x12B)
[0612/114706.152:WARNING:pe_image_reader.cc(340)] could not read dos header from C:\WINDOWS\SYSTEM32\Secur32.dll
[0612/114706.152:ERROR:process_memory_win.cc(73)] ReadMemory at 0x7ff9aa8e0000 of 64 bytes failed: Only part of a ReadProcessMemory or WriteProcessMemory request was completed. (0x12B)
[0612/114706.152:WARNING:pe_image_reader.cc(340)] could not read dos header from C:\WINDOWS\SYSTEM32\USERENV.dll
[0612/114706.152:ERROR:process_memory_win.cc(73)] ReadMemory at 0x7ff9aaa20000 of 64 bytes failed: Only part of a ReadProcessMemory or WriteProcessMemory request was completed. (0x12B)
[0612/114706.152:WARNING:pe_image_reader.cc(340)] could not read dos header from C:\WINDOWS\System32\profapi.dll
[0612/114706.152:ERROR:process_memory_win.cc(73)] ReadMemory at 0x7ff991ad0000 of 64 bytes failed: Only part of a ReadProcessMemory or WriteProcessMemory request was completed. (0x12B)
[0612/114706.152:WARNING:pe_image_reader.cc(340)] could not read dos header from C:\WINDOWS\SYSTEM32\UIAutomationCore.DLL
[0612/114706.152:ERROR:process_memory_win.cc(73)] ReadMemory at 0x7ff9966c0000 of 64 bytes failed: Only part of a ReadProcessMemory or WriteProcessMemory request was completed. (0x12B)
[0612/114706.152:WARNING:pe_image_reader.cc(340)] could not read dos header from C:\WINDOWS\SYSTEM32\DWrite.dll
[0612/114706.153:ERROR:process_memory_win.cc(73)] ReadMemory at 0x7ff99d3c0000 of 64 bytes failed: Only part of a ReadProcessMemory or WriteProcessMemory request was completed. (0x12B)
[0612/114706.153:WARNING:pe_image_reader.cc(340)] could not read dos header from C:\WINDOWS\SYSTEM32\WINSPOOL.DRV
[0612/114706.153:ERROR:process_memory_win.cc(73)] ReadMemory at 0x7ff9aaa70000 of 64 bytes failed: Only part of a ReadProcessMemory or WriteProcessMemory request was completed. (0x12B)
[0612/114706.153:WARNING:pe_image_reader.cc(340)] could not read dos header from C:\WINDOWS\System32\kernel.appcore.dll
[0612/114706.153:ERROR:process_memory_win.cc(73)] ReadMemory at 0x7ff9ab5a0000 of 64 bytes failed: Only part of a ReadProcessMemory or WriteProcessMemory request was completed. (0x12B)
[0612/114706.153:WARNING:pe_image_reader.cc(340)] could not read dos header from C:\WINDOWS\System32\bcrypt.dll
[0612/114706.153:ERROR:process_memory_win.cc(73)] ReadMemory at 0x7ff9a5440000 of 64 bytes failed: Only part of a ReadProcessMemory or WriteProcessMemory request was completed. (0x12B)
[0612/114706.153:WARNING:pe_image_reader.cc(340)] could not read dos header from C:\WINDOWS\SYSTEM32\dbghelp.dll
[0612/114706.153:ERROR:process_memory_win.cc(73)] ReadMemory at 0x7ff9a3a50000 of 64 bytes failed: Only part of a ReadProcessMemory or WriteProcessMemory request was completed. (0x12B)
[0612/114706.153:WARNING:pe_image_reader.cc(340)] could not read dos header from C:\WINDOWS\SYSTEM32\WINHTTP.dll
[0612/114706.153:ERROR:process_memory_win.cc(73)] ReadMemory at 0x7ff9a4ea0000 of 64 bytes failed: Only part of a ReadProcessMemory or WriteProcessMemory request was completed. (0x12B)
[0612/114706.153:WARNING:pe_image_reader.cc(340)] could not read dos header from C:\WINDOWS\SYSTEM32\dhcpcsvc.DLL
[0612/114706.153:ERROR:process_memory_win.cc(73)] ReadMemory at 0x7ff9adab0000 of 64 bytes failed: Only part of a ReadProcessMemory or WriteProcessMemory request was completed. (0x12B)
[0612/114706.153:WARNING:pe_image_reader.cc(340)] could not read dos header from C:\WINDOWS\System32\NSI.dll
[0612/114706.153:ERROR:process_memory_win.cc(73)] ReadMemory at 0x7ff9a5d40000 of 64 bytes failed: Only part of a ReadProcessMemory or WriteProcessMemory request was completed. (0x12B)
[0612/114706.153:WARNING:pe_image_reader.cc(340)] could not read dos header from C:\WINDOWS\SYSTEM32\WINMMBASE.dll
[0612/114706.153:ERROR:process_memory_win.cc(73)] ReadMemory at 0x7ff9aadd0000 of 64 bytes failed: Only part of a ReadProcessMemory or WriteProcessMemory request was completed. (0x12B)
[0612/114706.153:WARNING:pe_image_reader.cc(340)] could not read dos header from C:\WINDOWS\System32\cfgmgr32.dll
[0612/114706.154:ERROR:process_memory_win.cc(73)] ReadMemory at 0x7ff9a70b0000 of 64 bytes failed: Only part of a ReadProcessMemory or WriteProcessMemory request was completed. (0x12B)
[0612/114706.154:WARNING:pe_image_reader.cc(340)] could not read dos header from C:\WINDOWS\SYSTEM32\PROPSYS.dll
[0612/114706.154:ERROR:process_memory_win.cc(73)] ReadMemory at 0x7ff9abea0000 of 64 bytes failed: Only part of a ReadProcessMemory or WriteProcessMemory request was completed. (0x12B)
[0612/114706.154:WARNING:pe_image_reader.cc(340)] could not read dos header from C:\WINDOWS\System32\shcore.dll
[0612/114706.154:ERROR:process_memory_win.cc(73)] ReadMemory at 0x7ff9aa8b0000 of 64 bytes failed: Only part of a ReadProcessMemory or WriteProcessMemory request was completed. (0x12B)
[0612/114706.154:WARNING:pe_image_reader.cc(340)] could not read dos header from C:\WINDOWS\SYSTEM32\SSPICLI.DLL
[0612/114706.154:ERROR:process_memory_win.cc(73)] ReadMemory at 0x7ff9ac2f0000 of 64 bytes failed: Only part of a ReadProcessMemory or WriteProcessMemory request was completed. (0x12B)
[0612/114706.154:WARNING:pe_image_reader.cc(340)] could not read dos header from C:\WINDOWS\System32\SHELL32.dll
[0612/114706.154:ERROR:process_memory_win.cc(73)] ReadMemory at 0x7ff9aae20000 of 64 bytes failed: Only part of a ReadProcessMemory or WriteProcessMemory request was completed. (0x12B)
[0612/114706.154:WARNING:pe_image_reader.cc(340)] could not read dos header from C:\WINDOWS\System32\windows.storage.dll
[0612/114706.154:ERROR:process_memory_win.cc(73)] ReadMemory at 0x7ff9aa9d0000 of 64 bytes failed: Only part of a ReadProcessMemory or WriteProcessMemory request was completed. (0x12B)
[0612/114706.154:WARNING:pe_image_reader.cc(340)] could not read dos header from C:\WINDOWS\System32\powrprof.dll
[0612/114706.154:ERROR:process_memory_win.cc(73)] ReadMemory at 0x7ff9aa9c0000 of 64 bytes failed: Only part of a ReadProcessMemory or WriteProcessMemory request was completed. (0x12B)
[0612/114706.154:WARNING:pe_image_reader.cc(340)] could not read dos header from C:\WINDOWS\System32\UMPDC.dll
[0612/114706.154:ERROR:process_memory_win.cc(73)] ReadMemory at 0x7ff9ad2c0000 of 64 bytes failed: Only part of a ReadProcessMemory or WriteProcessMemory request was completed. (0x12B)
[0612/114706.154:WARNING:pe_image_reader.cc(340)] could not read dos header from C:\WINDOWS\System32\shlwapi.dll
[0612/114706.154:ERROR:process_memory_win.cc(73)] ReadMemory at 0x7ff9ac170000 of 64 bytes failed: Only part of a ReadProcessMemory or WriteProcessMemory request was completed. (0x12B)
[0612/114706.154:WARNING:pe_image_reader.cc(340)] could not read dos header from C:\WINDOWS\System32\GDI32.dll
[0612/114706.154:ERROR:process_memory_win.cc(73)] ReadMemory at 0x7ff9aaa90000 of 64 bytes failed: Only part of a ReadProcessMemory or WriteProcessMemory request was completed. (0x12B)
[0612/114706.154:WARNING:pe_image_reader.cc(340)] could not read dos header from C:\WINDOWS\System32\win32u.dll
[0612/114706.155:ERROR:process_memory_win.cc(73)] ReadMemory at 0x7ff9aac30000 of 64 bytes failed: Only part of a ReadProcessMemory or WriteProcessMemory request was completed. (0x12B)
[0612/114706.155:WARNING:pe_image_reader.cc(340)] could not read dos header from C:\WINDOWS\System32\gdi32full.dll
[0612/114706.155:ERROR:process_memory_win.cc(73)] ReadMemory at 0x7ff9ad3f0000 of 64 bytes failed: Only part of a ReadProcessMemory or WriteProcessMemory request was completed. (0x12B)
[0612/114706.155:WARNING:pe_image_reader.cc(340)] could not read dos header from C:\WINDOWS\System32\USER32.dll
[0612/114706.155:ERROR:process_memory_win.cc(73)] ReadMemory at 0x7ff9aac10000 of 64 bytes failed: Only part of a ReadProcessMemory or WriteProcessMemory request was completed. (0x12B)
[0612/114706.155:WARNING:pe_image_reader.cc(340)] could not read dos header from C:\WINDOWS\System32\cryptsp.dll
[0612/114706.155:ERROR:process_memory_win.cc(73)] ReadMemory at 0x7ff9ad700000 of 64 bytes failed: Only part of a ReadProcessMemory or WriteProcessMemory request was completed. (0x12B)
[0612/114706.155:WARNING:pe_image_reader.cc(340)] could not read dos header from C:\WINDOWS\System32\IMM32.DLL
[0612/114706.155:ERROR:process_memory_win.cc(73)] ReadMemory at 0x7ff9aa400000 of 64 bytes failed: Only part of a ReadProcessMemory or WriteProcessMemory request was completed. (0x12B)
[0612/114706.155:WARNING:pe_image_reader.cc(340)] could not read dos header from C:\WINDOWS\SYSTEM32\CRYPTBASE.DLL
[0612/114706.155:ERROR:process_memory_win.cc(73)] ReadMemory at 0x7ff6e6650000 of 64 bytes failed: Only part of a ReadProcessMemory or WriteProcessMemory request was completed. (0x12B)
[0612/114706.155:WARNING:pe_image_reader.cc(340)] could not read dos header from C:\Program Files (x86)\Google\Chrome\Application\chrome.exe
[0612/114706.155:ERROR:process_memory_win.cc(73)] ReadMemory at 0x7ff9adb00000 of 64 bytes failed: Only part of a ReadProcessMemory or WriteProcessMemory request was completed. (0x12B)
[0612/114706.155:WARNING:pe_image_reader.cc(340)] could not read dos header from C:\WINDOWS\SYSTEM32\ntdll.dll
[0612/114706.155:ERROR:process_memory_win.cc(73)] ReadMemory at 0x7ff9ad590000 of 64 bytes failed: Only part of a ReadProcessMemory or WriteProcessMemory request was completed. (0x12B)
[0612/114706.155:WARNING:pe_image_reader.cc(340)] could not read dos header from C:\WINDOWS\System32\KERNEL32.DLL
[0612/114706.155:ERROR:process_memory_win.cc(73)] ReadMemory at 0x7ff9ab880000 of 64 bytes failed: Only part of a ReadProcessMemory or WriteProcessMemory request was completed. (0x12B)
[0612/114706.155:WARNING:pe_image_reader.cc(340)] could not read dos header from C:\WINDOWS\System32\KERNELBASE.dll
[0612/114706.155:ERROR:process_memory_win.cc(73)] ReadMemory at 0x7ff97ed10000 of 64 bytes failed: Only part of a ReadProcessMemory or WriteProcessMemory request was completed. (0x12B)
[0612/114706.155:WARNING:pe_image_reader.cc(340)] could not read dos header from C:\Program Files (x86)\Google\Chrome\Application\83.0.4103.97\chrome_elf.dll
[0612/114706.156:ERROR:process_memory_win.cc(73)] ReadMemory at 0x7ff9a6b60000 of 64 bytes failed: Only part of a ReadProcessMemory or WriteProcessMemory request was completed. (0x12B)
[0612/114706.156:WARNING:pe_image_reader.cc(340)] could not read dos header from C:\WINDOWS\SYSTEM32\VERSION.dll
[0612/114706.156:ERROR:process_memory_win.cc(73)] ReadMemory at 0x7ff9aca60000 of 64 bytes failed: Only part of a ReadProcessMemory or WriteProcessMemory request was completed. (0x12B)
[0612/114706.156:WARNING:pe_image_reader.cc(340)] could not read dos header from C:\WINDOWS\System32\msvcrt.dll
[0612/114706.156:ERROR:process_memory_win.cc(73)] ReadMemory at 0x7ff9abb30000 of 64 bytes failed: Only part of a ReadProcessMemory or WriteProcessMemory request was completed. (0x12B)
[0612/114706.156:WARNING:pe_image_reader.cc(340)] could not read dos header from C:\WINDOWS\System32\bcryptPrimitives.dll
[0612/114706.156:ERROR:process_memory_win.cc(73)] ReadMemory at 0x7ff9ac1a0000 of 64 bytes failed: Only part of a ReadProcessMemory or WriteProcessMemory request was completed. (0x12B)
[0612/114706.156:WARNING:pe_image_reader.cc(340)] could not read dos header from C:\WINDOWS\System32\ADVAPI32.dll
[0612/114706.156:ERROR:process_memory_win.cc(73)] ReadMemory at 0x7ff9ac250000 of 64 bytes failed: Only part of a ReadProcessMemory or WriteProcessMemory request was completed. (0x12B)
[0612/114706.156:WARNING:pe_image_reader.cc(340)] could not read dos header from C:\WINDOWS\System32\sechost.dll
[0612/114706.156:ERROR:process_memory_win.cc(73)] ReadMemory at 0x7ff9abfd0000 of 64 bytes failed: Only part of a ReadProcessMemory or WriteProcessMemory request was completed. (0x12B)
[0612/114706.156:WARNING:pe_image_reader.cc(340)] could not read dos header from C:\WINDOWS\System32\RPCRT4.dll
[0612/114706.156:ERROR:process_memory_win.cc(73)] ReadMemory at 0x7ff971ff0000 of 64 bytes failed: Only part of a ReadProcessMemory or WriteProcessMemory request was completed. (0x12B)
[0612/114706.156:WARNING:pe_image_reader.cc(340)] could not read dos header from C:\Program Files (x86)\Google\Chrome\Application\83.0.4103.97\chrome.dll
[0612/114706.156:ERROR:process_memory_win.cc(73)] ReadMemory at 0x7ff9ad870000 of 64 bytes failed: Only part of a ReadProcessMemory or WriteProcessMemory request was completed. (0x12B)
[0612/114706.156:WARNING:pe_image_reader.cc(340)] could not read dos header from C:\WINDOWS\System32\WS2_32.dll
[0612/114706.156:ERROR:process_memory_win.cc(73)] ReadMemory at 0x7ff9ad7a0000 of 64 bytes failed: Only part of a ReadProcessMemory or WriteProcessMemory request was completed. (0x12B)
[0612/114706.156:WARNING:pe_image_reader.cc(340)] could not read dos header from C:\WINDOWS\System32\OLEAUT32.dll
[0612/114706.157:ERROR:process_memory_win.cc(73)] ReadMemory at 0x7ff9ab7e0000 of 64 bytes failed: Only part of a ReadProcessMemory or WriteProcessMemory request was completed. (0x12B)
[0612/114706.157:WARNING:pe_image_reader.cc(340)] could not read dos header from C:\WINDOWS\System32\msvcp_win.dll
[0612/114706.157:ERROR:process_memory_win.cc(73)] ReadMemory at 0x7ff9ab5d0000 of 64 bytes failed: Only part of a ReadProcessMemory or WriteProcessMemory request was completed. (0x12B)
[0612/114706.157:WARNING:pe_image_reader.cc(340)] could not read dos header from C:\WINDOWS\System32\ucrtbase.dll
[0612/114706.157:ERROR:process_memory_win.cc(73)] ReadMemory at 0x7ff9acb00000 of 64 bytes failed: Only part of a ReadProcessMemory or WriteProcessMemory request was completed. (0x12B)
[0612/114706.157:WARNING:pe_image_reader.cc(340)] could not read dos header from C:\WINDOWS\System32\combase.dll
[0612/114706.157:ERROR:process_memory_win.cc(73)] ReadMemory at 0x7ff9ab6d0000 of 64 bytes failed: Only part of a ReadProcessMemory or WriteProcessMemory request was completed. (0x12B)
[0612/114706.157:WARNING:pe_image_reader.cc(340)] could not read dos header from C:\WINDOWS\System32\WINTRUST.dll
[0612/114706.157:ERROR:process_memory_win.cc(73)] ReadMemory at 0x7ff9aaa50000 of 64 bytes failed: Only part of a ReadProcessMemory or WriteProcessMemory request was completed. (0x12B)
[0612/114706.157:WARNING:pe_image_reader.cc(340)] could not read dos header from C:\WINDOWS\System32\MSASN1.dll
[0612/114706.157:ERROR:process_memory_win.cc(73)] ReadMemory at 0x7ff9aaac0000 of 64 bytes failed: Only part of a ReadProcessMemory or WriteProcessMemory request was completed. (0x12B)
[0612/114706.157:WARNING:pe_image_reader.cc(340)] could not read dos header from C:\WINDOWS\System32\CRYPT32.dll
[0612/114706.157:ERROR:process_memory_win.cc(73)] ReadMemory at 0x7ff9a9ee0000 of 64 bytes failed: Only part of a ReadProcessMemory or WriteProcessMemory request was completed. (0x12B)
[0612/114706.157:WARNING:pe_image_reader.cc(340)] could not read dos header from C:\WINDOWS\SYSTEM32\IPHLPAPI.DLL
[0612/114706.157:ERROR:process_memory_win.cc(73)] ReadMemory at 0x7ff9a5d70000 of 64 bytes failed: Only part of a ReadProcessMemory or WriteProcessMemory request was completed. (0x12B)
[0612/114706.157:WARNING:pe_image_reader.cc(340)] could not read dos header from C:\WINDOWS\SYSTEM32\WINMM.dll
[0612/114706.157:ERROR:process_memory_win.cc(73)] ReadMemory at 0x7ff99e400000 of 64 bytes failed: Only part of a ReadProcessMemory or WriteProcessMemory request was completed. (0x12B)
[0612/114706.157:WARNING:pe_image_reader.cc(340)] could not read dos header from C:\WINDOWS\SYSTEM32\Secur32.dll
[0612/114706.157:ERROR:process_memory_win.cc(73)] ReadMemory at 0x7ff9aa8e0000 of 64 bytes failed: Only part of a ReadProcessMemory or WriteProcessMemory request was completed. (0x12B)
[0612/114706.157:WARNING:pe_image_reader.cc(340)] could not read dos header from C:\WINDOWS\SYSTEM32\USERENV.dll
[0612/114706.157:ERROR:process_memory_win.cc(73)] ReadMemory at 0x7ff9aaa20000 of 64 bytes failed: Only part of a ReadProcessMemory or WriteProcessMemory request was completed. (0x12B)
[0612/114706.158:WARNING:pe_image_reader.cc(340)] could not read dos header from C:\WINDOWS\System32\profapi.dll
[0612/114706.158:ERROR:process_memory_win.cc(73)] ReadMemory at 0x7ff991ad0000 of 64 bytes failed: Only part of a ReadProcessMemory or WriteProcessMemory request was completed. (0x12B)
[0612/114706.158:WARNING:pe_image_reader.cc(340)] could not read dos header from C:\WINDOWS\SYSTEM32\UIAutomationCore.DLL
[0612/114706.158:ERROR:process_memory_win.cc(73)] ReadMemory at 0x7ff9966c0000 of 64 bytes failed: Only part of a ReadProcessMemory or WriteProcessMemory request was completed. (0x12B)
[0612/114706.158:WARNING:pe_image_reader.cc(340)] could not read dos header from C:\WINDOWS\SYSTEM32\DWrite.dll
[0612/114706.158:ERROR:process_memory_win.cc(73)] ReadMemory at 0x7ff99d3c0000 of 64 bytes failed: Only part of a ReadProcessMemory or WriteProcessMemory request was completed. (0x12B)
[0612/114706.158:WARNING:pe_image_reader.cc(340)] could not read dos header from C:\WINDOWS\SYSTEM32\WINSPOOL.DRV
[0612/114706.158:ERROR:process_memory_win.cc(73)] ReadMemory at 0x7ff9aaa70000 of 64 bytes failed: Only part of a ReadProcessMemory or WriteProcessMemory request was completed. (0x12B)
[0612/114706.158:WARNING:pe_image_reader.cc(340)] could not read dos header from C:\WINDOWS\System32\kernel.appcore.dll
[0612/114706.158:ERROR:process_memory_win.cc(73)] ReadMemory at 0x7ff9ab5a0000 of 64 bytes failed: Only part of a ReadProcessMemory or WriteProcessMemory request was completed. (0x12B)
[0612/114706.158:WARNING:pe_image_reader.cc(340)] could not read dos header from C:\WINDOWS\System32\bcrypt.dll
[0612/114706.158:ERROR:process_memory_win.cc(73)] ReadMemory at 0x7ff9a5440000 of 64 bytes failed: Only part of a ReadProcessMemory or WriteProcessMemory request was completed. (0x12B)
[0612/114706.158:WARNING:pe_image_reader.cc(340)] could not read dos header from C:\WINDOWS\SYSTEM32\dbghelp.dll
[0612/114706.158:ERROR:process_memory_win.cc(73)] ReadMemory at 0x7ff9a3a50000 of 64 bytes failed: Only part of a ReadProcessMemory or WriteProcessMemory request was completed. (0x12B)
[0612/114706.158:WARNING:pe_image_reader.cc(340)] could not read dos header from C:\WINDOWS\SYSTEM32\WINHTTP.dll
[0612/114706.158:ERROR:process_memory_win.cc(73)] ReadMemory at 0x7ff9a4ea0000 of 64 bytes failed: Only part of a ReadProcessMemory or WriteProcessMemory request was completed. (0x12B)
[0612/114706.158:WARNING:pe_image_reader.cc(340)] could not read dos header from C:\WINDOWS\SYSTEM32\dhcpcsvc.DLL
[0612/114706.158:ERROR:process_memory_win.cc(73)] ReadMemory at 0x7ff9adab0000 of 64 bytes failed: Only part of a ReadProcessMemory or WriteProcessMemory request was completed. (0x12B)
[0612/114706.158:WARNING:pe_image_reader.cc(340)] could not read dos header from C:\WINDOWS\System32\NSI.dll
[0612/114706.158:ERROR:process_memory_win.cc(73)] ReadMemory at 0x7ff9a5d40000 of 64 bytes failed: Only part of a ReadProcessMemory or WriteProcessMemory request was completed. (0x12B)
[0612/114706.159:WARNING:pe_image_reader.cc(340)] could not read dos header from C:\WINDOWS\SYSTEM32\WINMMBASE.dll
[0612/114706.159:ERROR:process_memory_win.cc(73)] ReadMemory at 0x7ff9aadd0000 of 64 bytes failed: Only part of a ReadProcessMemory or WriteProcessMemory request was completed. (0x12B)
[0612/114706.159:WARNING:pe_image_reader.cc(340)] could not read dos header from C:\WINDOWS\System32\cfgmgr32.dll
[0612/114706.159:ERROR:process_memory_win.cc(73)] ReadMemory at 0x7ff9a70b0000 of 64 bytes failed: Only part of a ReadProcessMemory or WriteProcessMemory request was completed. (0x12B)
[0612/114706.159:WARNING:pe_image_reader.cc(340)] could not read dos header from C:\WINDOWS\SYSTEM32\PROPSYS.dll
[0612/114706.159:ERROR:process_memory_win.cc(73)] ReadMemory at 0x7ff9abea0000 of 64 bytes failed: Only part of a ReadProcessMemory or WriteProcessMemory request was completed. (0x12B)
[0612/114706.159:WARNING:pe_image_reader.cc(340)] could not read dos header from C:\WINDOWS\System32\shcore.dll
[0612/114706.159:ERROR:process_memory_win.cc(73)] ReadMemory at 0x7ff9aa8b0000 of 64 bytes failed: Only part of a ReadProcessMemory or WriteProcessMemory request was completed. (0x12B)
[0612/114706.159:WARNING:pe_image_reader.cc(340)] could not read dos header from C:\WINDOWS\SYSTEM32\SSPICLI.DLL
[0612/114706.159:ERROR:process_memory_win.cc(73)] ReadMemory at 0x7ff9ac2f0000 of 64 bytes failed: Only part of a ReadProcessMemory or WriteProcessMemory request was completed. (0x12B)
[0612/114706.159:WARNING:pe_image_reader.cc(340)] could not read dos header from C:\WINDOWS\System32\SHELL32.dll
[0612/114706.159:ERROR:process_memory_win.cc(73)] ReadMemory at 0x7ff9aae20000 of 64 bytes failed: Only part of a ReadProcessMemory or WriteProcessMemory request was completed. (0x12B)
[0612/114706.159:WARNING:pe_image_reader.cc(340)] could not read dos header from C:\WINDOWS\System32\windows.storage.dll
[0612/114706.159:ERROR:process_memory_win.cc(73)] ReadMemory at 0x7ff9aa9d0000 of 64 bytes failed: Only part of a ReadProcessMemory or WriteProcessMemory request was completed. (0x12B)
[0612/114706.159:WARNING:pe_image_reader.cc(340)] could not read dos header from C:\WINDOWS\System32\powrprof.dll
[0612/114706.159:ERROR:process_memory_win.cc(73)] ReadMemory at 0x7ff9aa9c0000 of 64 bytes failed: Only part of a ReadProcessMemory or WriteProcessMemory request was completed. (0x12B)
[0612/114706.159:WARNING:pe_image_reader.cc(340)] could not read dos header from C:\WINDOWS\System32\UMPDC.dll
[0612/114706.159:ERROR:process_memory_win.cc(73)] ReadMemory at 0x7ff9ad2c0000 of 64 bytes failed: Only part of a ReadProcessMemory or WriteProcessMemory request was completed. (0x12B)
[0612/114706.159:WARNING:pe_image_reader.cc(340)] could not read dos header from C:\WINDOWS\System32\shlwapi.dll
[0612/114706.159:ERROR:process_memory_win.cc(73)] ReadMemory at 0x7ff9ac170000 of 64 bytes failed: Only part of a ReadProcessMemory or WriteProcessMemory request was completed. (0x12B)
[0612/114706.159:WARNING:pe_image_reader.cc(340)] could not read dos header from C:\WINDOWS\System32\GDI32.dll
[0612/114706.160:ERROR:process_memory_win.cc(73)] ReadMemory at 0x7ff9aaa90000 of 64 bytes failed: Only part of a ReadProcessMemory or WriteProcessMemory request was completed. (0x12B)
[0612/114706.160:WARNING:pe_image_reader.cc(340)] could not read dos header from C:\WINDOWS\System32\win32u.dll
[0612/114706.160:ERROR:process_memory_win.cc(73)] ReadMemory at 0x7ff9aac30000 of 64 bytes failed: Only part of a ReadProcessMemory or WriteProcessMemory request was completed. (0x12B)
[0612/114706.160:WARNING:pe_image_reader.cc(340)] could not read dos header from C:\WINDOWS\System32\gdi32full.dll
[0612/114706.160:ERROR:process_memory_win.cc(73)] ReadMemory at 0x7ff9ad3f0000 of 64 bytes failed: Only part of a ReadProcessMemory or WriteProcessMemory request was completed. (0x12B)
[0612/114706.160:WARNING:pe_image_reader.cc(340)] could not read dos header from C:\WINDOWS\System32\USER32.dll
[0612/114706.160:ERROR:process_memory_win.cc(73)] ReadMemory at 0x7ff9aac10000 of 64 bytes failed: Only part of a ReadProcessMemory or WriteProcessMemory request was completed. (0x12B)
[0612/114706.160:WARNING:pe_image_reader.cc(340)] could not read dos header from C:\WINDOWS\System32\cryptsp.dll
[0612/114706.160:ERROR:process_memory_win.cc(73)] ReadMemory at 0x7ff9ad700000 of 64 bytes failed: Only part of a ReadProcessMemory or WriteProcessMemory request was completed. (0x12B)
[0612/114706.160:WARNING:pe_image_reader.cc(340)] could not read dos header from C:\WINDOWS\System32\IMM32.DLL
[0612/114706.160:ERROR:process_memory_win.cc(73)] ReadMemory at 0x7ff9aa400000 of 64 bytes failed: Only part of a ReadProcessMemory or WriteProcessMemory request was completed. (0x12B)
[0612/114706.160:WARNING:pe_image_reader.cc(340)] could not read dos header from C:\WINDOWS\SYSTEM32\CRYPTBASE.DLL
[0612/114706.193:ERROR:process_memory_win.cc(73)] ReadMemory at 0x2f9bbe8000 of 98304 bytes failed: Only part of a ReadProcessMemory or WriteProcessMemory request was completed. (0x12B)
[0612/114706.194:ERROR:process_memory_win.cc(73)] ReadMemory at 0x2f9c3fd000 of 12288 bytes failed: Only part of a ReadProcessMemory or WriteProcessMemory request was completed. (0x12B)
[0612/114706.194:ERROR:process_memory_win.cc(73)] ReadMemory at 0x2f9d3fc000 of 16384 bytes failed: Only part of a ReadProcessMemory or WriteProcessMemory request was completed. (0x12B)
[0612/114706.194:ERROR:process_memory_win.cc(73)] ReadMemory at 0x2f9dbfb000 of 20480 bytes failed: Only part of a ReadProcessMemory or WriteProcessMemory request was completed. (0x12B)
[0612/114706.194:ERROR:process_memory_win.cc(73)] ReadMemory at 0x2f9e3fe000 of 8192 bytes failed: Only part of a ReadProcessMemory or WriteProcessMemory request was completed. (0x12B)
[0612/114706.194:ERROR:process_memory_win.cc(73)] ReadMemory at 0x2f9ebfd000 of 12288 bytes failed: Only part of a ReadProcessMemory or WriteProcessMemory request was completed. (0x12B)
[0612/114706.194:ERROR:process_memory_win.cc(73)] ReadMemory at 0x2f9f3fb000 of 20480 bytes failed: Only part of a ReadProcessMemory or WriteProcessMemory request was completed. (0x12B)
[0612/114706.194:ERROR:process_memory_win.cc(73)] ReadMemory at 0x2f9fbfd000 of 12288 bytes failed: Only part of a ReadProcessMemory or WriteProcessMemory request was completed. (0x12B)
[0612/114706.194:ERROR:process_memory_win.cc(73)] ReadMemory at 0x2fa03fd000 of 12288 bytes failed: Only part of a ReadProcessMemory or WriteProcessMemory request was completed. (0x12B)
[0612/114706.194:ERROR:process_memory_win.cc(73)] ReadMemory at 0x2fa0bfd000 of 12288 bytes failed: Only part of a ReadProcessMemory or WriteProcessMemory request was completed. (0x12B)
[0612/114706.194:ERROR:process_memory_win.cc(73)] ReadMemory at 0x2fa13fd000 of 12288 bytes failed: Only part of a ReadProcessMemory or WriteProcessMemory request was completed. (0x12B)
[0612/114706.194:ERROR:process_memory_win.cc(73)] ReadMemory at 0x2fa2bfa000 of 24576 bytes failed: Only part of a ReadProcessMemory or WriteProcessMemory request was completed. (0x12B)
[0612/114706.195:ERROR:process_memory_win.cc(73)] ReadMemory at 0x2f9cbfd000 of 12288 bytes failed: Only part of a ReadProcessMemory or WriteProcessMemory request was completed. (0x12B)
[0612/114706.195:ERROR:process_memory_win.cc(73)] ReadMemory at 0x2fa1bfd000 of 12288 bytes failed: Only part of a ReadProcessMemory or WriteProcessMemory request was completed. (0x12B)
[0612/114706.195:ERROR:process_memory_win.cc(73)] ReadMemory at 0x2f9b30e000 of 852 bytes failed: Only part of a ReadProcessMemory or WriteProcessMemory request was completed. (0x12B)
[0612/114706.195:ERROR:process_memory_win.cc(73)] ReadMemory at 0x2f9b30f000 of 6024 bytes failed: Only part of a ReadProcessMemory or WriteProcessMemory request was completed. (0x12B)
[0612/114706.195:ERROR:process_memory_win.cc(73)] ReadMemory at 0x2f9b311000 of 6024 bytes failed: Only part of a ReadProcessMemory or WriteProcessMemory request was completed. (0x12B)
[0612/114706.195:ERROR:process_memory_win.cc(73)] ReadMemory at 0x2f9b315000 of 6024 bytes failed: Only part of a ReadProcessMemory or WriteProcessMemory request was completed. (0x12B)
[0612/114706.195:ERROR:process_memory_win.cc(73)] ReadMemory at 0x2f9b317000 of 6024 bytes failed: Only part of a ReadProcessMemory or WriteProcessMemory request was completed. (0x12B)
[0612/114706.195:ERROR:process_memory_win.cc(73)] ReadMemory at 0x2f9b319000 of 6024 bytes failed: Only part of a ReadProcessMemory or WriteProcessMemory request was completed. (0x12B)
[0612/114706.195:ERROR:process_memory_win.cc(73)] ReadMemory at 0x2f9b31b000 of 6024 bytes failed: Only part of a ReadProcessMemory or WriteProcessMemory request was completed. (0x12B)
[0612/114706.195:ERROR:process_memory_win.cc(73)] ReadMemory at 0x2f9b31d000 of 6024 bytes failed: Only part of a ReadProcessMemory or WriteProcessMemory request was completed. (0x12B)
[0612/114706.195:ERROR:process_memory_win.cc(73)] ReadMemory at 0x2f9b31f000 of 6024 bytes failed: Only part of a ReadProcessMemory or WriteProcessMemory request was completed. (0x12B)
[0612/114706.195:ERROR:process_memory_win.cc(73)] ReadMemory at 0x2f9b321000 of 6024 bytes failed: Only part of a ReadProcessMemory or WriteProcessMemory request was completed. (0x12B)
[0612/114706.195:ERROR:process_memory_win.cc(73)] ReadMemory at 0x2f9b323000 of 6024 bytes failed: Only part of a ReadProcessMemory or WriteProcessMemory request was completed. (0x12B)
[0612/114706.196:ERROR:process_memory_win.cc(73)] ReadMemory at 0x2f9b325000 of 6024 bytes failed: Only part of a ReadProcessMemory or WriteProcessMemory request was completed. (0x12B)
[0612/114706.196:ERROR:process_memory_win.cc(73)] ReadMemory at 0x2f9b32b000 of 6024 bytes failed: Only part of a ReadProcessMemory or WriteProcessMemory request was completed. (0x12B)
[0612/114706.196:ERROR:process_memory_win.cc(73)] ReadMemory at 0x2f9b331000 of 6024 bytes failed: Only part of a ReadProcessMemory or WriteProcessMemory request was completed. (0x12B)
[0612/114706.196:ERROR:process_memory_win.cc(73)] ReadMemory at 0x2f9b333000 of 6024 bytes failed: Only part of a ReadProcessMemory or WriteProcessMemory request was completed. (0x12B)
[0612/114706.196:ERROR:process_memory_win.cc(73)] ReadMemory at 0x20ce29d0fe0 of 3922 bytes failed: Only part of a ReadProcessMemory or WriteProcessMemory request was completed. (0x12B)
[0612/114706.196:ERROR:process_memory_win.cc(73)] ReadMemory at 0x20ce29d1f40 of 1012 bytes failed: Only part of a ReadProcessMemory or WriteProcessMemory request was completed. (0x12B)
[0612/114706.196:ERROR:process_memory_win.cc(73)] ReadMemory at 0x20ce29d2588 of 118 bytes failed: Only part of a ReadProcessMemory or WriteProcessMemory request was completed. (0x12B)
[0612/114706.196:ERROR:process_memory_win.cc(73)] ReadMemory at 0x20ce29d2600 of 1260 bytes failed: Only part of a ReadProcessMemory or WriteProcessMemory request was completed. (0x12B)
[0612/114706.196:ERROR:process_memory_win.cc(73)] ReadMemory at 0x20ce29d2aee of 118 bytes failed: Only part of a ReadProcessMemory or WriteProcessMemory request was completed. (0x12B)
[0612/114706.196:ERROR:process_memory_win.cc(73)] ReadMemory at 0x20ce29d2b66 of 96 bytes failed: Only part of a ReadProcessMemory or WriteProcessMemory request was completed. (0x12B)
[0612/114706.196:ERROR:process_memory_win.cc(73)] ReadMemory at 0x20ce29d2be0 of 58 bytes failed: Only part of a ReadProcessMemory or WriteProcessMemory request was completed. (0x12B)
[0612/114706.196:ERROR:process_memory_win.cc(73)] ReadMemory at 0x20ce29d2ce0 of 132 bytes failed: Only part of a ReadProcessMemory or WriteProcessMemory request was completed. (0x12B)
[0612/114706.196:ERROR:process_memory_win.cc(73)] ReadMemory at 0x20ce29d2e70 of 132 bytes failed: Only part of a ReadProcessMemory or WriteProcessMemory request was completed. (0x12B)
[0612/114706.197:ERROR:process_memory_win.cc(73)] ReadMemory at 0x20ce29d3030 of 124 bytes failed: Only part of a ReadProcessMemory or WriteProcessMemory request was completed. (0x12B)
[0612/114706.197:ERROR:process_memory_win.cc(73)] ReadMemory at 0x20ce29d3410 of 132 bytes failed: Only part of a ReadProcessMemory or WriteProcessMemory request was completed. (0x12B)
[0612/114706.197:ERROR:process_memory_win.cc(73)] ReadMemory at 0x20ce29d35a0 of 64 bytes failed: Only part of a ReadProcessMemory or WriteProcessMemory request was completed. (0x12B)
[0612/114706.197:ERROR:process_memory_win.cc(73)] ReadMemory at 0x20ce29d35f0 of 132 bytes failed: Only part of a ReadProcessMemory or WriteProcessMemory request was completed. (0x12B)
[0612/114706.197:ERROR:process_memory_win.cc(73)] ReadMemory at 0x20ce29d3760 of 132 bytes failed: Only part of a ReadProcessMemory or WriteProcessMemory request was completed. (0x12B)
[0612/114706.197:ERROR:process_memory_win.cc(73)] ReadMemory at 0x20ce29d3a00 of 132 bytes failed: Only part of a ReadProcessMemory or WriteProcessMemory request was completed. (0x12B)
[0612/114706.197:ERROR:process_memory_win.cc(73)] ReadMemory at 0x20ce29d3b90 of 68 bytes failed: Only part of a ReadProcessMemory or WriteProcessMemory request was completed. (0x12B)
[0612/114706.197:ERROR:process_memory_win.cc(73)] ReadMemory at 0x20ce29d4c70 of 144 bytes failed: Only part of a ReadProcessMemory or WriteProcessMemory request was completed. (0x12B)
[0612/114706.197:ERROR:process_memory_win.cc(73)] ReadMemory at 0x20ce29d4d50 of 132 bytes failed: Only part of a ReadProcessMemory or WriteProcessMemory request was completed. (0x12B)
[0612/114706.197:ERROR:process_memory_win.cc(73)] ReadMemory at 0x20ce29d4ee0 of 152 bytes failed: Only part of a ReadProcessMemory or WriteProcessMemory request was completed. (0x12B)
[0612/114706.197:ERROR:process_memory_win.cc(73)] ReadMemory at 0x20ce29d5d70 of 62 bytes failed: Only part of a ReadProcessMemory or WriteProcessMemory request was completed. (0x12B)
[0612/114706.197:ERROR:process_memory_win.cc(73)] ReadMemory at 0x20ce29d5dc0 of 132 bytes failed: Only part of a ReadProcessMemory or WriteProcessMemory request was completed. (0x12B)
[0612/114706.197:ERROR:process_memory_win.cc(73)] ReadMemory at 0x20ce29d6370 of 132 bytes failed: Only part of a ReadProcessMemory or WriteProcessMemory request was completed. (0x12B)
[0612/114706.197:ERROR:process_memory_win.cc(73)] ReadMemory at 0x20ce29d64a0 of 60 bytes failed: Only part of a ReadProcessMemory or WriteProcessMemory request was completed. (0x12B)
[0612/114706.198:ERROR:process_memory_win.cc(73)] ReadMemory at 0x20ce29d8b2a of 512 bytes failed: Only part of a ReadProcessMemory or WriteProcessMemory request was completed. (0x12B)
[0612/114706.198:ERROR:process_memory_win.cc(73)] ReadMemory at 0x20ce29da9d0 of 132 bytes failed: Only part of a ReadProcessMemory or WriteProcessMemory request was completed. (0x12B)
[0612/114706.198:ERROR:process_memory_win.cc(73)] ReadMemory at 0x20ce29dacf0 of 132 bytes failed: Only part of a ReadProcessMemory or WriteProcessMemory request was completed. (0x12B)
[0612/114706.198:ERROR:process_memory_win.cc(73)] ReadMemory at 0x20ce29dae80 of 80 bytes failed: Only part of a ReadProcessMemory or WriteProcessMemory request was completed. (0x12B)
[0612/114706.198:ERROR:process_memory_win.cc(73)] ReadMemory at 0x20ce29dafa0 of 64 bytes failed: Only part of a ReadProcessMemory or WriteProcessMemory request was completed. (0x12B)
[0612/114706.198:ERROR:process_memory_win.cc(73)] ReadMemory at 0x20ce29db180 of 64 bytes failed: Only part of a ReadProcessMemory or WriteProcessMemory request was completed. (0x12B)
[0612/114706.198:ERROR:process_memory_win.cc(73)] ReadMemory at 0x20ce29db400 of 60 bytes failed: Only part of a ReadProcessMemory or WriteProcessMemory request was completed. (0x12B)
[0612/114706.198:ERROR:process_memory_win.cc(73)] ReadMemory at 0x20ce29db4a0 of 60 bytes failed: Only part of a ReadProcessMemory or WriteProcessMemory request was completed. (0x12B)
[0612/114706.198:ERROR:process_memory_win.cc(73)] ReadMemory at 0x20ce29db4f0 of 62 bytes failed: Only part of a ReadProcessMemory or WriteProcessMemory request was completed. (0x12B)
[0612/114706.198:ERROR:process_memory_win.cc(73)] ReadMemory at 0x20ce29db590 of 64 bytes failed: Only part of a ReadProcessMemory or WriteProcessMemory request was completed. (0x12B)
[0612/114706.198:ERROR:process_memory_win.cc(73)] ReadMemory at 0x20ce29db5e0 of 66 bytes failed: Only part of a ReadProcessMemory or WriteProcessMemory request was completed. (0x12B)
[0612/114706.198:ERROR:process_memory_win.cc(73)] ReadMemory at 0x20ce29db630 of 64 bytes failed: Only part of a ReadProcessMemory or WriteProcessMemory request was completed. (0x12B)
[0612/114706.198:ERROR:process_memory_win.cc(73)] ReadMemory at 0x20ce29db6d0 of 62 bytes failed: Only part of a ReadProcessMemory or WriteProcessMemory request was completed. (0x12B)
[0612/114706.199:ERROR:process_memory_win.cc(73)] ReadMemory at 0x20ce29db7b0 of 132 bytes failed: Only part of a ReadProcessMemory or WriteProcessMemory request was completed. (0x12B)
[0612/114706.199:ERROR:process_memory_win.cc(73)] ReadMemory at 0x20ce29db8e0 of 132 bytes failed: Only part of a ReadProcessMemory or WriteProcessMemory request was completed. (0x12B)
[0612/114706.199:ERROR:process_memory_win.cc(73)] ReadMemory at 0x20ce29dba10 of 132 bytes failed: Only part of a ReadProcessMemory or WriteProcessMemory request was completed. (0x12B)
[0612/114706.199:ERROR:process_memory_win.cc(73)] ReadMemory at 0x20ce29dbb40 of 132 bytes failed: Only part of a ReadProcessMemory or WriteProcessMemory request was completed. (0x12B)
[0612/114706.199:ERROR:process_memory_win.cc(73)] ReadMemory at 0x20ce29dbc70 of 132 bytes failed: Only part of a ReadProcessMemory or WriteProcessMemory request was completed. (0x12B)
[0612/114706.199:ERROR:process_memory_win.cc(73)] ReadMemory at 0x20ce29dbda0 of 132 bytes failed: Only part of a ReadProcessMemory or WriteProcessMemory request was completed. (0x12B)
[0612/114706.199:ERROR:process_memory_win.cc(73)] ReadMemory at 0x20ce29dbed0 of 132 bytes failed: Only part of a ReadProcessMemory or WriteProcessMemory request was completed. (0x12B)
[0612/114706.199:ERROR:process_memory_win.cc(73)] ReadMemory at 0x20ce29dc130 of 132 bytes failed: Only part of a ReadProcessMemory or WriteProcessMemory request was completed. (0x12B)
[0612/114706.199:ERROR:process_memory_win.cc(73)] ReadMemory at 0x20ce29dc260 of 132 bytes failed: Only part of a ReadProcessMemory or WriteProcessMemory request was completed. (0x12B)
[0612/114706.199:ERROR:process_memory_win.cc(73)] ReadMemory at 0x20ce29dc390 of 132 bytes failed: Only part of a ReadProcessMemory or WriteProcessMemory request was completed. (0x12B)
[0612/114706.199:ERROR:process_memory_win.cc(73)] ReadMemory at 0x20ce29dc4c0 of 132 bytes failed: Only part of a ReadProcessMemory or WriteProcessMemory request was completed. (0x12B)
[0612/114706.199:ERROR:process_memory_win.cc(73)] ReadMemory at 0x20ce29dc5f0 of 132 bytes failed: Only part of a ReadProcessMemory or WriteProcessMemory request was completed. (0x12B)
[0612/114706.199:ERROR:process_memory_win.cc(73)] ReadMemory at 0x20ce29ddd80 of 132 bytes failed: Only part of a ReadProcessMemory or WriteProcessMemory request was completed. (0x12B)
[0612/114706.199:ERROR:process_memory_win.cc(73)] ReadMemory at 0x20ce29dedd0 of 132 bytes failed: Only part of a ReadProcessMemory or WriteProcessMemory request was completed. (0x12B)
[0612/114706.199:ERROR:process_memory_win.cc(73)] ReadMemory at 0x20ce29e0470 of 54 bytes failed: Only part of a ReadProcessMemory or WriteProcessMemory request was completed. (0x12B)
[0612/114706.200:ERROR:process_memory_win.cc(73)] ReadMemory at 0x20ce29e3cb0 of 132 bytes failed: Only part of a ReadProcessMemory or WriteProcessMemory request was completed. (0x12B)
[0612/114706.200:ERROR:process_memory_win.cc(73)] ReadMemory at 0x20ce29e3de0 of 132 bytes failed: Only part of a ReadProcessMemory or WriteProcessMemory request was completed. (0x12B)
[0612/114706.200:ERROR:process_memory_win.cc(73)] ReadMemory at 0x20ce29e4140 of 132 bytes failed: Only part of a ReadProcessMemory or WriteProcessMemory request was completed. (0x12B)
[0612/114706.200:ERROR:process_memory_win.cc(73)] ReadMemory at 0x20ce29e4350 of 132 bytes failed: Only part of a ReadProcessMemory or WriteProcessMemory request was completed. (0x12B)
[0612/114706.200:ERROR:process_memory_win.cc(73)] ReadMemory at 0x20ce29e4e10 of 80 bytes failed: Only part of a ReadProcessMemory or WriteProcessMemory request was completed. (0x12B)
[0612/114706.200:ERROR:process_memory_win.cc(73)] ReadMemory at 0x20ce29e4ed0 of 76 bytes failed: Only part of a ReadProcessMemory or WriteProcessMemory request was completed. (0x12B)
[0612/114706.200:ERROR:process_memory_win.cc(73)] ReadMemory at 0x20ce29e5470 of 78 bytes failed: Only part of a ReadProcessMemory or WriteProcessMemory request was completed. (0x12B)
[0612/114706.200:ERROR:process_memory_win.cc(73)] ReadMemory at 0x20ce29e5a00 of 62 bytes failed: Only part of a ReadProcessMemory or WriteProcessMemory request was completed. (0x12B)
[0612/114706.200:ERROR:process_memory_win.cc(73)] ReadMemory at 0x20ce29e5a50 of 62 bytes failed: Only part of a ReadProcessMemory or WriteProcessMemory request was completed. (0x12B)
[0612/114706.200:ERROR:process_memory_win.cc(73)] ReadMemory at 0x20ce29e5aa0 of 62 bytes failed: Only part of a ReadProcessMemory or WriteProcessMemory request was completed. (0x12B)
[0612/114706.200:ERROR:process_memory_win.cc(73)] ReadMemory at 0x20ce29e5af0 of 64 bytes failed: Only part of a ReadProcessMemory or WriteProcessMemory request was completed. (0x12B)
[0612/114706.200:ERROR:process_memory_win.cc(73)] ReadMemory at 0x20ce29e5b40 of 62 bytes failed: Only part of a ReadProcessMemory or WriteProcessMemory request was completed. (0x12B)
[0612/114706.200:ERROR:process_memory_win.cc(73)] ReadMemory at 0x20ce29e5cd0 of 60 bytes failed: Only part of a ReadProcessMemory or WriteProcessMemory request was completed. (0x12B)
[0612/114706.201:ERROR:process_memory_win.cc(73)] ReadMemory at 0x20ce29e5f00 of 58 bytes failed: Only part of a ReadProcessMemory or WriteProcessMemory request was completed. (0x12B)
[0612/114706.201:ERROR:process_memory_win.cc(73)] ReadMemory at 0x20ce29e5ff0 of 64 bytes failed: Only part of a ReadProcessMemory or WriteProcessMemory request was completed. (0x12B)
[0612/114706.201:ERROR:process_memory_win.cc(73)] ReadMemory at 0x20ce29e6040 of 66 bytes failed: Only part of a ReadProcessMemory or WriteProcessMemory request was completed. (0x12B)
[0612/114706.201:ERROR:process_memory_win.cc(73)] ReadMemory at 0x20ce29e6220 of 60 bytes failed: Only part of a ReadProcessMemory or WriteProcessMemory request was completed. (0x12B)
[0612/114706.201:ERROR:process_memory_win.cc(73)] ReadMemory at 0x20ce29e6270 of 62 bytes failed: Only part of a ReadProcessMemory or WriteProcessMemory request was completed. (0x12B)
[0612/114706.201:ERROR:process_memory_win.cc(73)] ReadMemory at 0x20ce29e62c0 of 60 bytes failed: Only part of a ReadProcessMemory or WriteProcessMemory request was completed. (0x12B)
[0612/114706.201:ERROR:process_memory_win.cc(73)] ReadMemory at 0x20ce29e63b0 of 60 bytes failed: Only part of a ReadProcessMemory or WriteProcessMemory request was completed. (0x12B)
[0612/114706.201:ERROR:process_memory_win.cc(73)] ReadMemory at 0x20ce29e6590 of 62 bytes failed: Only part of a ReadProcessMemory or WriteProcessMemory request was completed. (0x12B)
[0612/114706.201:ERROR:process_memory_win.cc(73)] ReadMemory at 0x20ce29e6630 of 62 bytes failed: Only part of a ReadProcessMemory or WriteProcessMemory request was completed. (0x12B)
[0612/114706.201:ERROR:process_memory_win.cc(73)] ReadMemory at 0x20ce29e6680 of 64 bytes failed: Only part of a ReadProcessMemory or WriteProcessMemory request was completed. (0x12B)
[0612/114706.201:ERROR:process_memory_win.cc(73)] ReadMemory at 0x20ce29e68b0 of 62 bytes failed: Only part of a ReadProcessMemory or WriteProcessMemory request was completed. (0x12B)
[0612/114706.201:ERROR:process_memory_win.cc(73)] ReadMemory at 0x20ce29e6900 of 62 bytes failed: Only part of a ReadProcessMemory or WriteProcessMemory request was completed. (0x12B)
[0612/114706.202:ERROR:process_memory_win.cc(73)] ReadMemory at 0x20ce29e6950 of 64 bytes failed: Only part of a ReadProcessMemory or WriteProcessMemory request was completed. (0x12B)
[0612/114706.202:ERROR:process_memory_win.cc(73)] ReadMemory at 0x20ce29e7250 of 132 bytes failed: Only part of a ReadProcessMemory or WriteProcessMemory request was completed. (0x12B)
[0612/114706.202:ERROR:process_memory_win.cc(73)] ReadMemory at 0x20ce29e7380 of 132 bytes failed: Only part of a ReadProcessMemory or WriteProcessMemory request was completed. (0x12B)
[0612/114706.202:ERROR:process_memory_win.cc(73)] ReadMemory at 0x20ce29e74b0 of 132 bytes failed: Only part of a ReadProcessMemory or WriteProcessMemory request was completed. (0x12B)
[0612/114706.202:ERROR:process_memory_win.cc(73)] ReadMemory at 0x20ce29e75e0 of 132 bytes failed: Only part of a ReadProcessMemory or WriteProcessMemory request was completed. (0x12B)
[0612/114706.202:ERROR:process_memory_win.cc(73)] ReadMemory at 0x20ce29e7710 of 132 bytes failed: Only part of a ReadProcessMemory or WriteProcessMemory request was completed. (0x12B)
[0612/114706.202:ERROR:process_memory_win.cc(73)] ReadMemory at 0x20ce29e7840 of 132 bytes failed: Only part of a ReadProcessMemory or WriteProcessMemory request was completed. (0x12B)
[0612/114706.202:ERROR:process_memory_win.cc(73)] ReadMemory at 0x20ce29e7970 of 132 bytes failed: Only part of a ReadProcessMemory or WriteProcessMemory request was completed. (0x12B)
[0612/114706.202:ERROR:process_memory_win.cc(73)] ReadMemory at 0x20ce29e7aa0 of 132 bytes failed: Only part of a ReadProcessMemory or WriteProcessMemory request was completed. (0x12B)
[0612/114706.202:ERROR:process_memory_win.cc(73)] ReadMemory at 0x20ce29e7bd0 of 132 bytes failed: Only part of a ReadProcessMemory or WriteProcessMemory request was completed. (0x12B)
[0612/114706.202:ERROR:process_memory_win.cc(73)] ReadMemory at 0x20ce29e7d00 of 132 bytes failed: Only part of a ReadProcessMemory or WriteProcessMemory request was completed. (0x12B)
[0612/114706.202:ERROR:process_memory_win.cc(73)] ReadMemory at 0x20ce29e7e30 of 132 bytes failed: Only part of a ReadProcessMemory or WriteProcessMemory request was completed. (0x12B)
[0612/114706.202:ERROR:process_memory_win.cc(73)] ReadMemory at 0x20ce29e7f60 of 132 bytes failed: Only part of a ReadProcessMemory or WriteProcessMemory request was completed. (0x12B)
[0612/114706.203:ERROR:process_memory_win.cc(73)] ReadMemory at 0x20ce29e8090 of 132 bytes failed: Only part of a ReadProcessMemory or WriteProcessMemory request was completed. (0x12B)
[0612/114706.203:ERROR:process_memory_win.cc(73)] ReadMemory at 0x20ce29e81c0 of 132 bytes failed: Only part of a ReadProcessMemory or WriteProcessMemory request was completed. (0x12B)
[0612/114706.203:ERROR:process_memory_win.cc(73)] ReadMemory at 0x20ce29e82f0 of 132 bytes failed: Only part of a ReadProcessMemory or WriteProcessMemory request was completed. (0x12B)
[0612/114706.203:ERROR:process_memory_win.cc(73)] ReadMemory at 0x20ce29e8420 of 132 bytes failed: Only part of a ReadProcessMemory or WriteProcessMemory request was completed. (0x12B)
[0612/114706.203:ERROR:process_memory_win.cc(73)] ReadMemory at 0x20ce29e8550 of 132 bytes failed: Only part of a ReadProcessMemory or WriteProcessMemory request was completed. (0x12B)
[0612/114706.203:ERROR:process_memory_win.cc(73)] ReadMemory at 0x20ce29e8680 of 132 bytes failed: Only part of a ReadProcessMemory or WriteProcessMemory request was completed. (0x12B)
[0612/114706.203:ERROR:process_memory_win.cc(73)] ReadMemory at 0x20ce29e8a10 of 132 bytes failed: Only part of a ReadProcessMemory or WriteProcessMemory request was completed. (0x12B)
[0612/114706.203:ERROR:process_memory_win.cc(73)] ReadMemory at 0x20ce29e8b40 of 132 bytes failed: Only part of a ReadProcessMemory or WriteProcessMemory request was completed. (0x12B)
[0612/114706.203:ERROR:process_memory_win.cc(73)] ReadMemory at 0x20ce29e8c70 of 132 bytes failed: Only part of a ReadProcessMemory or WriteProcessMemory request was completed. (0x12B)
[0612/114706.203:ERROR:process_memory_win.cc(73)] ReadMemory at 0x20ce29fbeb0 of 58 bytes failed: Only part of a ReadProcessMemory or WriteProcessMemory request was completed. (0x12B)
[0612/114706.203:ERROR:process_memory_win.cc(73)] ReadMemory at 0x20ce29fc040 of 62 bytes failed: Only part of a ReadProcessMemory or WriteProcessMemory request was completed. (0x12B)
[0612/114706.203:ERROR:process_memory_win.cc(73)] ReadMemory at 0x20ce29fc270 of 64 bytes failed: Only part of a ReadProcessMemory or WriteProcessMemory request was completed. (0x12B)
[0612/114706.204:ERROR:process_memory_win.cc(73)] ReadMemory at 0x20ce29fc310 of 62 bytes failed: Only part of a ReadProcessMemory or WriteProcessMemory request was completed. (0x12B)
[0612/114706.204:ERROR:process_memory_win.cc(73)] ReadMemory at 0x20ce29fc360 of 58 bytes failed: Only part of a ReadProcessMemory or WriteProcessMemory request was completed. (0x12B)
[0612/114706.204:ERROR:process_memory_win.cc(73)] ReadMemory at 0x20ce29fc400 of 60 bytes failed: Only part of a ReadProcessMemory or WriteProcessMemory request was completed. (0x12B)
[0612/114706.204:ERROR:process_memory_win.cc(73)] ReadMemory at 0x20ce29fc630 of 58 bytes failed: Only part of a ReadProcessMemory or WriteProcessMemory request was completed. (0x12B)
[0612/114706.204:ERROR:process_memory_win.cc(73)] ReadMemory at 0x20ce29fc6d0 of 60 bytes failed: Only part of a ReadProcessMemory or WriteProcessMemory request was completed. (0x12B)
[0612/114706.204:ERROR:process_memory_win.cc(73)] ReadMemory at 0x20ce29fca90 of 66 bytes failed: Only part of a ReadProcessMemory or WriteProcessMemory request was completed. (0x12B)
[0612/114706.204:ERROR:process_memory_win.cc(73)] ReadMemory at 0x20ce2a01c00 of 512 bytes failed: Only part of a ReadProcessMemory or WriteProcessMemory request was completed. (0x12B)
[0612/114706.204:ERROR:process_memory_win.cc(73)] ReadMemory at 0x20ce2a08660 of 512 bytes failed: Only part of a ReadProcessMemory or WriteProcessMemory request was completed. (0x12B)
[0612/114706.204:ERROR:process_memory_win.cc(73)] ReadMemory at 0x20ce2c525c0 of 512 bytes failed: Only part of a ReadProcessMemory or WriteProcessMemory request was completed. (0x12B)
[0612/114706.204:ERROR:process_memory_win.cc(73)] ReadMemory at 0x20ce2c53700 of 512 bytes failed: Only part of a ReadProcessMemory or WriteProcessMemory request was completed. (0x12B)
[0612/114706.204:ERROR:process_memory_win.cc(73)] ReadMemory at 0x20ce32a0000 of 384 bytes failed: Only part of a ReadProcessMemory or WriteProcessMemory request was completed. (0x12B)
[0612/114706.204:ERROR:process_memory_win.cc(73)] ReadMemory at 0x20ce32caab0 of 512 bytes failed: Only part of a ReadProcessMemory or WriteProcessMemory request was completed. (0x12B)
[0612/114706.205:ERROR:process_memory_win.cc(73)] ReadMemory at 0x20ce32d8f78 of 512 bytes failed: Only part of a ReadProcessMemory or WriteProcessMemory request was completed. (0x12B)
[0612/114706.205:ERROR:process_memory_win.cc(73)] ReadMemory at 0x20ce32e8d70 of 512 bytes failed: Only part of a ReadProcessMemory or WriteProcessMemory request was completed. (0x12B)
[0612/114706.205:ERROR:process_memory_win.cc(73)] ReadMemory at 0x20ce32eef00 of 1024 bytes failed: Only part of a ReadProcessMemory or WriteProcessMemory request was completed. (0x12B)
[0612/114706.205:ERROR:process_memory_win.cc(73)] ReadMemory at 0x20ce32fd250 of 512 bytes failed: Only part of a ReadProcessMemory or WriteProcessMemory request was completed. (0x12B)
[0612/114706.205:ERROR:process_memory_win.cc(73)] ReadMemory at 0x20ce32fd610 of 512 bytes failed: Only part of a ReadProcessMemory or WriteProcessMemory request was completed. (0x12B)
[0612/114706.205:ERROR:process_memory_win.cc(73)] ReadMemory at 0x20ce3323770 of 512 bytes failed: Only part of a ReadProcessMemory or WriteProcessMemory request was completed. (0x12B)
[0612/114706.205:ERROR:process_memory_win.cc(73)] ReadMemory at 0x20ce3325de0 of 512 bytes failed: Only part of a ReadProcessMemory or WriteProcessMemory request was completed. (0x12B)
[0612/114706.205:ERROR:process_memory_win.cc(73)] ReadMemory at 0x20ce4b00000 of 384 bytes failed: Only part of a ReadProcessMemory or WriteProcessMemory request was completed. (0x12B)
[0612/114706.205:ERROR:process_memory_win.cc(73)] ReadMemory at 0x20ce4b5f420 of 512 bytes failed: Only part of a ReadProcessMemory or WriteProcessMemory request was completed. (0x12B)
[0612/114706.205:ERROR:process_memory_win.cc(73)] ReadMemory at 0x20ce5c5cb81 of 512 bytes failed: Only part of a ReadProcessMemory or WriteProcessMemory request was completed. (0x12B)
[0612/114706.205:ERROR:process_memory_win.cc(73)] ReadMemory at 0x7ff971ffe598 of 512 bytes failed: Only part of a ReadProcessMemory or WriteProcessMemory request was completed. (0x12B)
[0612/114706.205:ERROR:process_memory_win.cc(73)] ReadMemory at 0x7ff97477818c of 512 bytes failed: Only part of a ReadProcessMemory or WriteProcessMemory request was completed. (0x12B)
[0612/114706.205:ERROR:process_memory_win.cc(73)] ReadMemory at 0x7ff9ab8ba719 of 512 bytes failed: Only part of a ReadProcessMemory or WriteProcessMemory request was completed. (0x12B)
[0612/114706.206:ERROR:process_memory_win.cc(73)] ReadMemory at 0x7ff9abaec6e0 of 512 bytes failed: Only part of a ReadProcessMemory or WriteProcessMemory request was completed. (0x12B)
[0612/114706.206:ERROR:process_memory_win.cc(73)] ReadMemory at 0x7ff9adb9c074 of 832 bytes failed: Only part of a ReadProcessMemory or WriteProcessMemory request was completed. (0x12B)
[0612/114706.206:ERROR:process_memory_win.cc(73)] ReadMemory at 0x7ff9adb9f924 of 608 bytes failed: Only part of a ReadProcessMemory or WriteProcessMemory request was completed. (0x12B)
[0612/114706.206:ERROR:process_memory_win.cc(73)] ReadMemory at 0x7ff9adc2c428 of 18 bytes failed: Only part of a ReadProcessMemory or WriteProcessMemory request was completed. (0x12B)
[0612/114706.206:ERROR:process_memory_win.cc(73)] ReadMemory at 0x7ff9adc5f4f8 of 40 bytes failed: Only part of a ReadProcessMemory or WriteProcessMemory request was completed. (0x12B)
[0612/114706.206:ERROR:process_memory_win.cc(73)] ReadMemory at 0x7ff9adc5f978 of 48 bytes failed: Only part of a ReadProcessMemory or WriteProcessMemory request was completed. (0x12B)
[0612/114706.206:ERROR:process_memory_win.cc(73)] ReadMemory at 0x7ff9adc653c0 of 64 bytes failed: Only part of a ReadProcessMemory or WriteProcessMemory request was completed. (0x12B)
[0612/114706.208:ERROR:scoped_process_suspend.cc(40)] NtResumeProcess: An attempt was made to access an exiting process. (0xc000010a)
